<?xml version="1.0" encoding="UTF-8"?>
<!-- Generated by org.testng.reporters.JUnitXMLReporter -->
<testsuite hostname="INBLRWIT266185V" ignored="1" name="Default test" tests="1" failures="0" timestamp="2020-01-23T18:07:15 IST" time="36.631" errors="0">
  <testcase name="seachByEmptyString" time="30.179" classname="Tests.SearchTest"/>
  <testcase name="seachByProduct" time="0.0" classname="Tests.SearchTest">
    <ignored/>
  </testcase> <!-- seachByProduct -->
</testsuite> <!-- Default test -->
