<?xml version="1.0" encoding="UTF-8"?>
<!-- Generated by org.testng.reporters.JUnitXMLReporter -->
<testsuite hostname="INBLRWIT266185V" ignored="0" name="Smoketest" tests="3" failures="0" timestamp="2020-01-23T17:54:26 IST" time="99.684" errors="0">
  <testcase name="seachByEmptyString" time="33.056" classname="Tests.SearchTest"/>
  <testcase name="seachByProduct" time="31.614" classname="Tests.SearchTest"/>
  <testcase name="VerifyQuickOrderNavigation" time="19.503" classname="Tests.QuickOrderTest"/>
</testsuite> <!-- Smoketest -->
